mode: set
myapp/internal/handlers/handlers.go:23.47,27.2 1 1
myapp/internal/handlers/handlers.go:30.33,32.2 1 1
myapp/internal/handlers/handlers.go:35.67,43.2 3 1
myapp/internal/handlers/handlers.go:46.68,50.2 1 1
myapp/internal/handlers/handlers.go:53.70,55.2 1 1
myapp/internal/handlers/handlers.go:58.68,60.2 1 1
myapp/internal/handlers/handlers.go:63.70,65.2 1 1
myapp/internal/handlers/handlers.go:68.75,70.2 1 1
myapp/internal/handlers/handlers.go:73.79,82.2 3 1
myapp/internal/handlers/handlers.go:90.79,97.16 3 1
myapp/internal/handlers/handlers.go:97.16,99.3 1 0
myapp/internal/handlers/handlers.go:102.2,103.14 2 1
myapp/internal/handlers/handlers.go:107.74,115.2 4 1
myapp/internal/handlers/handlers.go:118.78,120.16 2 1
myapp/internal/handlers/handlers.go:120.16,123.3 2 0
myapp/internal/handlers/handlers.go:126.2,138.19 6 1
myapp/internal/handlers/handlers.go:138.19,147.3 4 0
myapp/internal/handlers/handlers.go:149.2,150.66 2 1
myapp/internal/handlers/handlers.go:154.81,157.9 2 1
myapp/internal/handlers/handlers.go:157.9,162.3 4 1
myapp/internal/handlers/handlers.go:164.2,171.4 4 0
